<?xml version="1.0" encoding="UTF-8"?>
<!-- Generated by org.testng.reporters.JUnitXMLReporter -->
<testsuite ignored="0" hostname="MacBook-Air-Maria.local" failures="0" tests="38" name="Unit Tests" time="0.048" errors="0" timestamp="2026-07-17T12:43:50 MSK">
  <testcase classname="io.github.msumsh.tests.DomainServiceTest" name="shouldAddNewPair" time="0.003"/>
  <testcase classname="io.github.msumsh.tests.DomainServiceTest" name="shouldDeleteByDomain" time="0.0"/>
  <testcase classname="io.github.msumsh.tests.DomainServiceTest" name="shouldDeleteByEmptyIp" time="0.0"/>
  <testcase classname="io.github.msumsh.tests.DomainServiceTest" name="shouldDeleteByIp" time="0.0"/>
  <testcase classname="io.github.msumsh.tests.DomainServiceTest" name="shouldDeleteByNotExistentIp" time="0.0"/>
  <testcase classname="io.github.msumsh.tests.DomainServiceTest" name="shouldFindByDomain" time="0.0"/>
  <testcase classname="io.github.msumsh.tests.DomainServiceTest" name="shouldFindByIp" time="0.0"/>
  <testcase classname="io.github.msumsh.tests.DomainServiceTest" name="shouldNotAddDuplicateDomain" time="0.0"/>
  <testcase classname="io.github.msumsh.tests.DomainServiceTest" name="shouldNotAddDuplicateIp" time="0.0"/>
  <testcase classname="io.github.msumsh.tests.DomainServiceTest" name="shouldNotAddEmptyDomain" time="0.0"/>
  <testcase classname="io.github.msumsh.tests.DomainServiceTest" name="shouldNotAddInvalidIp" time="0.0"/>
  <testcase classname="io.github.msumsh.tests.DomainServiceTest" name="shouldNotDeleteByEmptyDomain" time="0.0"/>
  <testcase classname="io.github.msumsh.tests.DomainServiceTest" name="shouldNotDeleteByNotExistentDomain" time="0.0"/>
  <testcase classname="io.github.msumsh.tests.DomainServiceTest" name="shouldNotFindByEmptyDomain" time="0.001"/>
  <testcase classname="io.github.msumsh.tests.DomainServiceTest" name="shouldNotFindByEmptyIp" time="0.0"/>
  <testcase classname="io.github.msumsh.tests.DomainServiceTest" name="shouldNotFindByNotExistentDomain" time="0.0"/>
  <testcase classname="io.github.msumsh.tests.DomainServiceTest" name="shouldNotFindByNotExistentIp" time="0.001"/>
  <testcase classname="io.github.msumsh.tests.DomainServiceTest" name="shouldSortByDomain" time="0.001"/>
  <testcase classname="io.github.msumsh.tests.JsonUtilTest" name="readShouldReturnAddressesFromValidJson" time="0.001"/>
  <testcase classname="io.github.msumsh.tests.JsonUtilTest" name="readShouldReturnEmptyListForEmptyFile" time="0.0"/>
  <testcase classname="io.github.msumsh.tests.JsonUtilTest" name="readShouldReturnEmptyListWhenFileDoesNotExist" time="0.0"/>
  <testcase classname="io.github.msumsh.tests.JsonUtilTest" name="readShouldThrowExceptionForUnsupportedJsonFormat" time="0.001"/>
  <testcase classname="io.github.msumsh.tests.JsonUtilTest" name="writeShouldCreateCorrectJsonFile" time="0.001"/>
  <testcase classname="io.github.msumsh.tests.JsonUtilTest" name="writeShouldWriteEmptyAddressesArray" time="0.0"/>
  <testcase classname="io.github.msumsh.tests.IpValidatorTest" name="validateShouldReturnFalseForInvalidIpv4" time="0.0"/>
  <testcase classname="io.github.msumsh.tests.IpValidatorTest" name="validateShouldReturnFalseForInvalidIpv4" time="0.0"/>
  <testcase classname="io.github.msumsh.tests.IpValidatorTest" name="validateShouldReturnFalseForInvalidIpv4" time="0.0"/>
  <testcase classname="io.github.msumsh.tests.IpValidatorTest" name="validateShouldReturnFalseForInvalidIpv4" time="0.0"/>
  <testcase classname="io.github.msumsh.tests.IpValidatorTest" name="validateShouldReturnFalseForInvalidIpv4" time="0.0"/>
  <testcase classname="io.github.msumsh.tests.IpValidatorTest" name="validateShouldReturnFalseForInvalidIpv4" time="0.0"/>
  <testcase classname="io.github.msumsh.tests.IpValidatorTest" name="validateShouldReturnFalseForInvalidIpv4" time="0.0"/>
  <testcase classname="io.github.msumsh.tests.IpValidatorTest" name="validateShouldReturnFalseForInvalidIpv4" time="0.0"/>
  <testcase classname="io.github.msumsh.tests.IpValidatorTest" name="validateShouldReturnFalseForInvalidIpv4" time="0.0"/>
  <testcase classname="io.github.msumsh.tests.IpValidatorTest" name="validateShouldReturnTrueForValidIpv4" time="0.0"/>
  <testcase classname="io.github.msumsh.tests.IpValidatorTest" name="validateShouldReturnTrueForValidIpv4" time="0.0"/>
  <testcase classname="io.github.msumsh.tests.IpValidatorTest" name="validateShouldReturnTrueForValidIpv4" time="0.0"/>
  <testcase classname="io.github.msumsh.tests.IpValidatorTest" name="validateShouldReturnTrueForValidIpv4" time="0.0"/>
  <testcase classname="io.github.msumsh.tests.IpValidatorTest" name="validateShouldReturnTrueForValidIpv4" time="0.0"/>
</testsuite> <!-- Unit Tests -->
