<?xml version="1.0" encoding="UTF-8"?>
<!-- Generated by org.testng.reporters.JUnitReportReporter -->
<testsuite hostname="MacBook-Air-Maria.local" failures="0" tests="6" name="io.github.msumsh.tests.JsonUtilTest" time="0.005" errors="0" timestamp="2026-07-17T12:43:50 MSK" skipped="0">
  <testcase classname="io.github.msumsh.tests.JsonUtilTest" name="readShouldReturnEmptyListWhenFileDoesNotExist" time="0.000"/>
  <testcase classname="io.github.msumsh.tests.JsonUtilTest" name="readShouldReturnEmptyListForEmptyFile" time="0.001"/>
  <testcase classname="io.github.msumsh.tests.JsonUtilTest" name="writeShouldWriteEmptyAddressesArray" time="0.000"/>
  <testcase classname="io.github.msumsh.tests.JsonUtilTest" name="readShouldThrowExceptionForUnsupportedJsonFormat" time="0.001"/>
  <testcase classname="io.github.msumsh.tests.JsonUtilTest" name="writeShouldCreateCorrectJsonFile" time="0.002"/>
  <testcase classname="io.github.msumsh.tests.JsonUtilTest" name="readShouldReturnAddressesFromValidJson" time="0.001"/>
</testsuite> <!-- io.github.msumsh.tests.JsonUtilTest -->
