<?xml version="1.0" encoding="UTF-8"?>
<!-- Generated by org.testng.reporters.JUnitReportReporter -->
<testsuite hostname="MacBook-Air-Maria.local" failures="0" tests="14" name="io.github.msumsh.tests.IpValidatorTest" time="0.003" errors="0" timestamp="2026-07-17T12:43:50 MSK" skipped="0">
  <testcase classname="io.github.msumsh.tests.IpValidatorTest" name="validateShouldReturnTrueForValidIpv4" time="0.000"/>
  <testcase classname="io.github.msumsh.tests.IpValidatorTest" name="validateShouldReturnTrueForValidIpv4" time="0.000"/>
  <testcase classname="io.github.msumsh.tests.IpValidatorTest" name="validateShouldReturnFalseForInvalidIpv4" time="0.000"/>
  <testcase classname="io.github.msumsh.tests.IpValidatorTest" name="validateShouldReturnFalseForInvalidIpv4" time="0.000"/>
  <testcase classname="io.github.msumsh.tests.IpValidatorTest" name="validateShouldReturnTrueForValidIpv4" time="0.000"/>
  <testcase classname="io.github.msumsh.tests.IpValidatorTest" name="validateShouldReturnTrueForValidIpv4" time="0.001"/>
  <testcase classname="io.github.msumsh.tests.IpValidatorTest" name="validateShouldReturnFalseForInvalidIpv4" time="0.000"/>
  <testcase classname="io.github.msumsh.tests.IpValidatorTest" name="validateShouldReturnTrueForValidIpv4" time="0.001"/>
  <testcase classname="io.github.msumsh.tests.IpValidatorTest" name="validateShouldReturnFalseForInvalidIpv4" time="0.001"/>
  <testcase classname="io.github.msumsh.tests.IpValidatorTest" name="validateShouldReturnFalseForInvalidIpv4" time="0.000"/>
  <testcase classname="io.github.msumsh.tests.IpValidatorTest" name="validateShouldReturnFalseForInvalidIpv4" time="0.000"/>
  <testcase classname="io.github.msumsh.tests.IpValidatorTest" name="validateShouldReturnFalseForInvalidIpv4" time="0.000"/>
  <testcase classname="io.github.msumsh.tests.IpValidatorTest" name="validateShouldReturnFalseForInvalidIpv4" time="0.000"/>
  <testcase classname="io.github.msumsh.tests.IpValidatorTest" name="validateShouldReturnFalseForInvalidIpv4" time="0.000"/>
</testsuite> <!-- io.github.msumsh.tests.IpValidatorTest -->
