<?xml version="1.0" encoding="UTF-8"?>
<testng-results ignored="0" total="38" passed="38" failed="0" skipped="0">
  <reporter-output>
  </reporter-output>
  <suite started-at="2026-07-17T12:43:50 MSK" name="SFTP Client Test Suite" finished-at="2026-07-17T12:43:50 MSK" duration-ms="48">
    <groups>
    </groups>
    <test started-at="2026-07-17T12:43:50 MSK" name="Unit Tests" finished-at="2026-07-17T12:43:50 MSK" duration-ms="48">
      <class name="io.github.msumsh.tests.JsonUtilTest">
        <test-method signature="readShouldReturnAddressesFromValidJson()[pri:0, instance:io.github.msumsh.tests.JsonUtilTest@63e2203c]" started-at="2026-07-17T12:43:50 MSK" name="readShouldReturnAddressesFromValidJson" finished-at="2026-07-17T12:43:50 MSK" duration-ms="1" status="PASS">
          <reporter-output>
          </reporter-output>
        </test-method> <!-- readShouldReturnAddressesFromValidJson -->
        <test-method is-config="true" signature="setUp()[pri:0, instance:io.github.msumsh.tests.JsonUtilTest@63e2203c]" started-at="2026-07-17T12:43:50 MSK" name="setUp" finished-at="2026-07-17T12:43:50 MSK" duration-ms="0" status="PASS">
          <reporter-output>
          </reporter-output>
        </test-method> <!-- setUp -->
        <test-method is-config="true" signature="tearDown()[pri:0, instance:io.github.msumsh.tests.JsonUtilTest@63e2203c]" started-at="2026-07-17T12:43:50 MSK" name="tearDown" finished-at="2026-07-17T12:43:50 MSK" duration-ms="1" status="PASS">
          <reporter-output>
          </reporter-output>
        </test-method> <!-- tearDown -->
        <test-method signature="readShouldReturnEmptyListForEmptyFile()[pri:0, instance:io.github.msumsh.tests.JsonUtilTest@63e2203c]" started-at="2026-07-17T12:43:50 MSK" name="readShouldReturnEmptyListForEmptyFile" finished-at="2026-07-17T12:43:50 MSK" duration-ms="0" status="PASS">
          <reporter-output>
          </reporter-output>
        </test-method> <!-- readShouldReturnEmptyListForEmptyFile -->
        <test-method is-config="true" signature="setUp()[pri:0, instance:io.github.msumsh.tests.JsonUtilTest@63e2203c]" started-at="2026-07-17T12:43:50 MSK" name="setUp" finished-at="2026-07-17T12:43:50 MSK" duration-ms="0" status="PASS">
          <reporter-output>
          </reporter-output>
        </test-method> <!-- setUp -->
        <test-method is-config="true" signature="setUp()[pri:0, instance:io.github.msumsh.tests.JsonUtilTest@63e2203c]" started-at="2026-07-17T12:43:50 MSK" name="setUp" finished-at="2026-07-17T12:43:50 MSK" duration-ms="1" status="PASS">
          <reporter-output>
          </reporter-output>
        </test-method> <!-- setUp -->
        <test-method is-config="true" signature="tearDown()[pri:0, instance:io.github.msumsh.tests.JsonUtilTest@63e2203c]" started-at="2026-07-17T12:43:50 MSK" name="tearDown" finished-at="2026-07-17T12:43:50 MSK" duration-ms="0" status="PASS">
          <reporter-output>
          </reporter-output>
        </test-method> <!-- tearDown -->
        <test-method signature="readShouldReturnEmptyListWhenFileDoesNotExist()[pri:0, instance:io.github.msumsh.tests.JsonUtilTest@63e2203c]" started-at="2026-07-17T12:43:50 MSK" name="readShouldReturnEmptyListWhenFileDoesNotExist" finished-at="2026-07-17T12:43:50 MSK" duration-ms="0" status="PASS">
          <reporter-output>
          </reporter-output>
        </test-method> <!-- readShouldReturnEmptyListWhenFileDoesNotExist -->
        <test-method signature="readShouldThrowExceptionForUnsupportedJsonFormat()[pri:0, instance:io.github.msumsh.tests.JsonUtilTest@63e2203c]" started-at="2026-07-17T12:43:50 MSK" name="readShouldThrowExceptionForUnsupportedJsonFormat" finished-at="2026-07-17T12:43:50 MSK" duration-ms="1" status="PASS">
          <reporter-output>
          </reporter-output>
        </test-method> <!-- readShouldThrowExceptionForUnsupportedJsonFormat -->
        <test-method is-config="true" signature="setUp()[pri:0, instance:io.github.msumsh.tests.JsonUtilTest@63e2203c]" started-at="2026-07-17T12:43:50 MSK" name="setUp" finished-at="2026-07-17T12:43:50 MSK" duration-ms="0" status="PASS">
          <reporter-output>
          </reporter-output>
        </test-method> <!-- setUp -->
        <test-method is-config="true" signature="tearDown()[pri:0, instance:io.github.msumsh.tests.JsonUtilTest@63e2203c]" started-at="2026-07-17T12:43:50 MSK" name="tearDown" finished-at="2026-07-17T12:43:50 MSK" duration-ms="0" status="PASS">
          <reporter-output>
          </reporter-output>
        </test-method> <!-- tearDown -->
        <test-method signature="writeShouldCreateCorrectJsonFile()[pri:0, instance:io.github.msumsh.tests.JsonUtilTest@63e2203c]" started-at="2026-07-17T12:43:50 MSK" name="writeShouldCreateCorrectJsonFile" finished-at="2026-07-17T12:43:50 MSK" duration-ms="1" status="PASS">
          <reporter-output>
          </reporter-output>
        </test-method> <!-- writeShouldCreateCorrectJsonFile -->
        <test-method is-config="true" signature="tearDown()[pri:0, instance:io.github.msumsh.tests.JsonUtilTest@63e2203c]" started-at="2026-07-17T12:43:50 MSK" name="tearDown" finished-at="2026-07-17T12:43:50 MSK" duration-ms="0" status="PASS">
          <reporter-output>
          </reporter-output>
        </test-method> <!-- tearDown -->
        <test-method is-config="true" signature="setUp()[pri:0, instance:io.github.msumsh.tests.JsonUtilTest@63e2203c]" started-at="2026-07-17T12:43:50 MSK" name="setUp" finished-at="2026-07-17T12:43:50 MSK" duration-ms="0" status="PASS">
          <reporter-output>
          </reporter-output>
        </test-method> <!-- setUp -->
        <test-method signature="writeShouldWriteEmptyAddressesArray()[pri:0, instance:io.github.msumsh.tests.JsonUtilTest@63e2203c]" started-at="2026-07-17T12:43:50 MSK" name="writeShouldWriteEmptyAddressesArray" finished-at="2026-07-17T12:43:50 MSK" duration-ms="0" status="PASS">
          <reporter-output>
          </reporter-output>
        </test-method> <!-- writeShouldWriteEmptyAddressesArray -->
        <test-method is-config="true" signature="tearDown()[pri:0, instance:io.github.msumsh.tests.JsonUtilTest@63e2203c]" started-at="2026-07-17T12:43:50 MSK" name="tearDown" finished-at="2026-07-17T12:43:50 MSK" duration-ms="0" status="PASS">
          <reporter-output>
          </reporter-output>
        </test-method> <!-- tearDown -->
        <test-method is-config="true" signature="setUp()[pri:0, instance:io.github.msumsh.tests.JsonUtilTest@63e2203c]" started-at="2026-07-17T12:43:50 MSK" name="setUp" finished-at="2026-07-17T12:43:50 MSK" duration-ms="0" status="PASS">
          <reporter-output>
          </reporter-output>
        </test-method> <!-- setUp -->
        <test-method is-config="true" signature="tearDown()[pri:0, instance:io.github.msumsh.tests.JsonUtilTest@63e2203c]" started-at="2026-07-17T12:43:50 MSK" name="tearDown" finished-at="2026-07-17T12:43:50 MSK" duration-ms="0" status="PASS">
          <reporter-output>
          </reporter-output>
        </test-method> <!-- tearDown -->
      </class> <!-- io.github.msumsh.tests.JsonUtilTest -->
      <class name="io.github.msumsh.tests.DomainServiceTest">
        <test-method is-config="true" signature="setUp()[pri:0, instance:io.github.msumsh.tests.DomainServiceTest@370736d9]" started-at="2026-07-17T12:43:50 MSK" name="setUp" finished-at="2026-07-17T12:43:50 MSK" duration-ms="7" status="PASS">
          <reporter-output>
          </reporter-output>
        </test-method> <!-- setUp -->
        <test-method signature="shouldAddNewPair()[pri:0, instance:io.github.msumsh.tests.DomainServiceTest@370736d9]" started-at="2026-07-17T12:43:50 MSK" name="shouldAddNewPair" finished-at="2026-07-17T12:43:50 MSK" duration-ms="3" status="PASS">
          <reporter-output>
          </reporter-output>
        </test-method> <!-- shouldAddNewPair -->
        <test-method is-config="true" signature="tearDown()[pri:0, instance:io.github.msumsh.tests.DomainServiceTest@370736d9]" started-at="2026-07-17T12:43:50 MSK" name="tearDown" finished-at="2026-07-17T12:43:50 MSK" duration-ms="1" status="PASS">
          <reporter-output>
          </reporter-output>
        </test-method> <!-- tearDown -->
        <test-method signature="shouldDeleteByDomain()[pri:0, instance:io.github.msumsh.tests.DomainServiceTest@370736d9]" started-at="2026-07-17T12:43:50 MSK" name="shouldDeleteByDomain" finished-at="2026-07-17T12:43:50 MSK" duration-ms="0" status="PASS">
          <reporter-output>
          </reporter-output>
        </test-method> <!-- shouldDeleteByDomain -->
        <test-method is-config="true" signature="setUp()[pri:0, instance:io.github.msumsh.tests.DomainServiceTest@370736d9]" started-at="2026-07-17T12:43:50 MSK" name="setUp" finished-at="2026-07-17T12:43:50 MSK" duration-ms="0" status="PASS">
          <reporter-output>
          </reporter-output>
        </test-method> <!-- setUp -->
        <test-method signature="shouldDeleteByEmptyIp()[pri:0, instance:io.github.msumsh.tests.DomainServiceTest@370736d9]" started-at="2026-07-17T12:43:50 MSK" name="shouldDeleteByEmptyIp" finished-at="2026-07-17T12:43:50 MSK" duration-ms="0" status="PASS">
          <reporter-output>
          </reporter-output>
        </test-method> <!-- shouldDeleteByEmptyIp -->
        <test-method is-config="true" signature="tearDown()[pri:0, instance:io.github.msumsh.tests.DomainServiceTest@370736d9]" started-at="2026-07-17T12:43:50 MSK" name="tearDown" finished-at="2026-07-17T12:43:50 MSK" duration-ms="0" status="PASS">
          <reporter-output>
          </reporter-output>
        </test-method> <!-- tearDown -->
        <test-method is-config="true" signature="tearDown()[pri:0, instance:io.github.msumsh.tests.DomainServiceTest@370736d9]" started-at="2026-07-17T12:43:50 MSK" name="tearDown" finished-at="2026-07-17T12:43:50 MSK" duration-ms="0" status="PASS">
          <reporter-output>
          </reporter-output>
        </test-method> <!-- tearDown -->
        <test-method is-config="true" signature="setUp()[pri:0, instance:io.github.msumsh.tests.DomainServiceTest@370736d9]" started-at="2026-07-17T12:43:50 MSK" name="setUp" finished-at="2026-07-17T12:43:50 MSK" duration-ms="0" status="PASS">
          <reporter-output>
          </reporter-output>
        </test-method> <!-- setUp -->
        <test-method signature="shouldDeleteByIp()[pri:0, instance:io.github.msumsh.tests.DomainServiceTest@370736d9]" started-at="2026-07-17T12:43:50 MSK" name="shouldDeleteByIp" finished-at="2026-07-17T12:43:50 MSK" duration-ms="0" status="PASS">
          <reporter-output>
          </reporter-output>
        </test-method> <!-- shouldDeleteByIp -->
        <test-method is-config="true" signature="setUp()[pri:0, instance:io.github.msumsh.tests.DomainServiceTest@370736d9]" started-at="2026-07-17T12:43:50 MSK" name="setUp" finished-at="2026-07-17T12:43:50 MSK" duration-ms="0" status="PASS">
          <reporter-output>
          </reporter-output>
        </test-method> <!-- setUp -->
        <test-method is-config="true" signature="tearDown()[pri:0, instance:io.github.msumsh.tests.DomainServiceTest@370736d9]" started-at="2026-07-17T12:43:50 MSK" name="tearDown" finished-at="2026-07-17T12:43:50 MSK" duration-ms="0" status="PASS">
          <reporter-output>
          </reporter-output>
        </test-method> <!-- tearDown -->
        <test-method signature="shouldDeleteByNotExistentIp()[pri:0, instance:io.github.msumsh.tests.DomainServiceTest@370736d9]" started-at="2026-07-17T12:43:50 MSK" name="shouldDeleteByNotExistentIp" finished-at="2026-07-17T12:43:50 MSK" duration-ms="0" status="PASS">
          <reporter-output>
          </reporter-output>
        </test-method> <!-- shouldDeleteByNotExistentIp -->
        <test-method is-config="true" signature="setUp()[pri:0, instance:io.github.msumsh.tests.DomainServiceTest@370736d9]" started-at="2026-07-17T12:43:50 MSK" name="setUp" finished-at="2026-07-17T12:43:50 MSK" duration-ms="0" status="PASS">
          <reporter-output>
          </reporter-output>
        </test-method> <!-- setUp -->
        <test-method signature="shouldFindByDomain()[pri:0, instance:io.github.msumsh.tests.DomainServiceTest@370736d9]" started-at="2026-07-17T12:43:50 MSK" name="shouldFindByDomain" finished-at="2026-07-17T12:43:50 MSK" duration-ms="0" status="PASS">
          <reporter-output>
          </reporter-output>
        </test-method> <!-- shouldFindByDomain -->
        <test-method is-config="true" signature="setUp()[pri:0, instance:io.github.msumsh.tests.DomainServiceTest@370736d9]" started-at="2026-07-17T12:43:50 MSK" name="setUp" finished-at="2026-07-17T12:43:50 MSK" duration-ms="0" status="PASS">
          <reporter-output>
          </reporter-output>
        </test-method> <!-- setUp -->
        <test-method is-config="true" signature="tearDown()[pri:0, instance:io.github.msumsh.tests.DomainServiceTest@370736d9]" started-at="2026-07-17T12:43:50 MSK" name="tearDown" finished-at="2026-07-17T12:43:50 MSK" duration-ms="0" status="PASS">
          <reporter-output>
          </reporter-output>
        </test-method> <!-- tearDown -->
        <test-method is-config="true" signature="tearDown()[pri:0, instance:io.github.msumsh.tests.DomainServiceTest@370736d9]" started-at="2026-07-17T12:43:50 MSK" name="tearDown" finished-at="2026-07-17T12:43:50 MSK" duration-ms="0" status="PASS">
          <reporter-output>
          </reporter-output>
        </test-method> <!-- tearDown -->
        <test-method signature="shouldFindByIp()[pri:0, instance:io.github.msumsh.tests.DomainServiceTest@370736d9]" started-at="2026-07-17T12:43:50 MSK" name="shouldFindByIp" finished-at="2026-07-17T12:43:50 MSK" duration-ms="0" status="PASS">
          <reporter-output>
          </reporter-output>
        </test-method> <!-- shouldFindByIp -->
        <test-method is-config="true" signature="tearDown()[pri:0, instance:io.github.msumsh.tests.DomainServiceTest@370736d9]" started-at="2026-07-17T12:43:50 MSK" name="tearDown" finished-at="2026-07-17T12:43:50 MSK" duration-ms="0" status="PASS">
          <reporter-output>
          </reporter-output>
        </test-method> <!-- tearDown -->
        <test-method is-config="true" signature="setUp()[pri:0, instance:io.github.msumsh.tests.DomainServiceTest@370736d9]" started-at="2026-07-17T12:43:50 MSK" name="setUp" finished-at="2026-07-17T12:43:50 MSK" duration-ms="1" status="PASS">
          <reporter-output>
          </reporter-output>
        </test-method> <!-- setUp -->
        <test-method is-config="true" signature="setUp()[pri:0, instance:io.github.msumsh.tests.DomainServiceTest@370736d9]" started-at="2026-07-17T12:43:50 MSK" name="setUp" finished-at="2026-07-17T12:43:50 MSK" duration-ms="0" status="PASS">
          <reporter-output>
          </reporter-output>
        </test-method> <!-- setUp -->
        <test-method signature="shouldNotAddDuplicateDomain()[pri:0, instance:io.github.msumsh.tests.DomainServiceTest@370736d9]" started-at="2026-07-17T12:43:50 MSK" name="shouldNotAddDuplicateDomain" finished-at="2026-07-17T12:43:50 MSK" duration-ms="0" status="PASS">
          <exception class="java.lang.IllegalArgumentException">
            <message>
              <![CDATA[Address with this domain already exists]]>
            </message>
            <full-stacktrace>
              <![CDATA[java.lang.IllegalArgumentException: Address with this domain already exists
at io.github.msumsh.service.DomainService.add(DomainService.java:82)
at io.github.msumsh.tests.DomainServiceTest.shouldNotAddDuplicateDomain(DomainServiceTest.java:42)
at java.base/jdk.internal.reflect.DirectMethodHandleAccessor.invoke(DirectMethodHandleAccessor.java:103)
at java.base/java.lang.reflect.Method.invoke(Method.java:580)
at org.testng.internal.invokers.MethodInvocationHelper.invokeMethod(MethodInvocationHelper.java:141)
at org.testng.internal.invokers.TestInvoker.invokeMethod(TestInvoker.java:697)
at org.testng.internal.invokers.TestInvoker.invokeTestMethod(TestInvoker.java:230)
at org.testng.internal.invokers.MethodRunner.runInSequence(MethodRunner.java:63)
at org.testng.internal.invokers.TestInvoker$MethodInvocationAgent.invoke(TestInvoker.java:1005)
at org.testng.internal.invokers.TestInvoker.invokeTestMethods(TestInvoker.java:203)
at org.testng.internal.invokers.TestMethodWorker.invokeTestMethods(TestMethodWorker.java:154)
at org.testng.internal.invokers.TestMethodWorker.run(TestMethodWorker.java:134)
at java.base/java.util.ArrayList.forEach(ArrayList.java:1596)
at org.testng.TestRunner.privateRun(TestRunner.java:744)
at org.testng.TestRunner.run(TestRunner.java:616)
at org.testng.SuiteRunner.runTest(SuiteRunner.java:421)
at org.testng.SuiteRunner.runSequentially(SuiteRunner.java:413)
at org.testng.SuiteRunner.privateRun(SuiteRunner.java:373)
at org.testng.SuiteRunner.run(SuiteRunner.java:312)
at org.testng.SuiteRunnerWorker.runSuite(SuiteRunnerWorker.java:52)
at org.testng.SuiteRunnerWorker.run(SuiteRunnerWorker.java:95)
at org.testng.TestNG.runSuitesSequentially(TestNG.java:1274)
at org.testng.TestNG.runSuitesLocally(TestNG.java:1208)
at org.testng.TestNG.runSuites(TestNG.java:1112)
at org.testng.TestNG.run(TestNG.java:1079)
at io.github.msumsh.tests.TestRunner.main(TestRunner.java:26)
]]>
            </full-stacktrace>
          </exception> <!-- java.lang.IllegalArgumentException -->
          <reporter-output>
          </reporter-output>
        </test-method> <!-- shouldNotAddDuplicateDomain -->
        <test-method is-config="true" signature="tearDown()[pri:0, instance:io.github.msumsh.tests.DomainServiceTest@370736d9]" started-at="2026-07-17T12:43:50 MSK" name="tearDown" finished-at="2026-07-17T12:43:50 MSK" duration-ms="0" status="PASS">
          <reporter-output>
          </reporter-output>
        </test-method> <!-- tearDown -->
        <test-method signature="shouldNotAddDuplicateIp()[pri:0, instance:io.github.msumsh.tests.DomainServiceTest@370736d9]" started-at="2026-07-17T12:43:50 MSK" name="shouldNotAddDuplicateIp" finished-at="2026-07-17T12:43:50 MSK" duration-ms="0" status="PASS">
          <exception class="java.lang.IllegalArgumentException">
            <message>
              <![CDATA[Address with this IP-address already exists]]>
            </message>
            <full-stacktrace>
              <![CDATA[java.lang.IllegalArgumentException: Address with this IP-address already exists
at io.github.msumsh.service.DomainService.add(DomainService.java:78)
at io.github.msumsh.tests.DomainServiceTest.shouldNotAddDuplicateIp(DomainServiceTest.java:52)
at java.base/jdk.internal.reflect.DirectMethodHandleAccessor.invoke(DirectMethodHandleAccessor.java:103)
at java.base/java.lang.reflect.Method.invoke(Method.java:580)
at org.testng.internal.invokers.MethodInvocationHelper.invokeMethod(MethodInvocationHelper.java:141)
at org.testng.internal.invokers.TestInvoker.invokeMethod(TestInvoker.java:697)
at org.testng.internal.invokers.TestInvoker.invokeTestMethod(TestInvoker.java:230)
at org.testng.internal.invokers.MethodRunner.runInSequence(MethodRunner.java:63)
at org.testng.internal.invokers.TestInvoker$MethodInvocationAgent.invoke(TestInvoker.java:1005)
at org.testng.internal.invokers.TestInvoker.invokeTestMethods(TestInvoker.java:203)
at org.testng.internal.invokers.TestMethodWorker.invokeTestMethods(TestMethodWorker.java:154)
at org.testng.internal.invokers.TestMethodWorker.run(TestMethodWorker.java:134)
at java.base/java.util.ArrayList.forEach(ArrayList.java:1596)
at org.testng.TestRunner.privateRun(TestRunner.java:744)
at org.testng.TestRunner.run(TestRunner.java:616)
at org.testng.SuiteRunner.runTest(SuiteRunner.java:421)
at org.testng.SuiteRunner.runSequentially(SuiteRunner.java:413)
at org.testng.SuiteRunner.privateRun(SuiteRunner.java:373)
at org.testng.SuiteRunner.run(SuiteRunner.java:312)
at org.testng.SuiteRunnerWorker.runSuite(SuiteRunnerWorker.java:52)
at org.testng.SuiteRunnerWorker.run(SuiteRunnerWorker.java:95)
at org.testng.TestNG.runSuitesSequentially(TestNG.java:1274)
at org.testng.TestNG.runSuitesLocally(TestNG.java:1208)
at org.testng.TestNG.runSuites(TestNG.java:1112)
at org.testng.TestNG.run(TestNG.java:1079)
at io.github.msumsh.tests.TestRunner.main(TestRunner.java:26)
]]>
            </full-stacktrace>
          </exception> <!-- java.lang.IllegalArgumentException -->
          <reporter-output>
          </reporter-output>
        </test-method> <!-- shouldNotAddDuplicateIp -->
        <test-method is-config="true" signature="tearDown()[pri:0, instance:io.github.msumsh.tests.DomainServiceTest@370736d9]" started-at="2026-07-17T12:43:50 MSK" name="tearDown" finished-at="2026-07-17T12:43:50 MSK" duration-ms="0" status="PASS">
          <reporter-output>
          </reporter-output>
        </test-method> <!-- tearDown -->
        <test-method is-config="true" signature="setUp()[pri:0, instance:io.github.msumsh.tests.DomainServiceTest@370736d9]" started-at="2026-07-17T12:43:50 MSK" name="setUp" finished-at="2026-07-17T12:43:50 MSK" duration-ms="0" status="PASS">
          <reporter-output>
          </reporter-output>
        </test-method> <!-- setUp -->
        <test-method is-config="true" signature="setUp()[pri:0, instance:io.github.msumsh.tests.DomainServiceTest@370736d9]" started-at="2026-07-17T12:43:50 MSK" name="setUp" finished-at="2026-07-17T12:43:50 MSK" duration-ms="1" status="PASS">
          <reporter-output>
          </reporter-output>
        </test-method> <!-- setUp -->
        <test-method signature="shouldNotAddInvalidIp()[pri:0, instance:io.github.msumsh.tests.DomainServiceTest@370736d9]" started-at="2026-07-17T12:43:50 MSK" name="shouldNotAddInvalidIp" finished-at="2026-07-17T12:43:50 MSK" duration-ms="0" status="PASS">
          <exception class="java.lang.IllegalArgumentException">
            <message>
              <![CDATA[Invalid IPv4 address]]>
            </message>
            <full-stacktrace>
              <![CDATA[java.lang.IllegalArgumentException: Invalid IPv4 address
at io.github.msumsh.service.DomainService.add(DomainService.java:68)
at io.github.msumsh.tests.DomainServiceTest.shouldNotAddInvalidIp(DomainServiceTest.java:60)
at java.base/jdk.internal.reflect.DirectMethodHandleAccessor.invoke(DirectMethodHandleAccessor.java:103)
at java.base/java.lang.reflect.Method.invoke(Method.java:580)
at org.testng.internal.invokers.MethodInvocationHelper.invokeMethod(MethodInvocationHelper.java:141)
at org.testng.internal.invokers.TestInvoker.invokeMethod(TestInvoker.java:697)
at org.testng.internal.invokers.TestInvoker.invokeTestMethod(TestInvoker.java:230)
at org.testng.internal.invokers.MethodRunner.runInSequence(MethodRunner.java:63)
at org.testng.internal.invokers.TestInvoker$MethodInvocationAgent.invoke(TestInvoker.java:1005)
at org.testng.internal.invokers.TestInvoker.invokeTestMethods(TestInvoker.java:203)
at org.testng.internal.invokers.TestMethodWorker.invokeTestMethods(TestMethodWorker.java:154)
at org.testng.internal.invokers.TestMethodWorker.run(TestMethodWorker.java:134)
at java.base/java.util.ArrayList.forEach(ArrayList.java:1596)
at org.testng.TestRunner.privateRun(TestRunner.java:744)
at org.testng.TestRunner.run(TestRunner.java:616)
at org.testng.SuiteRunner.runTest(SuiteRunner.java:421)
at org.testng.SuiteRunner.runSequentially(SuiteRunner.java:413)
at org.testng.SuiteRunner.privateRun(SuiteRunner.java:373)
at org.testng.SuiteRunner.run(SuiteRunner.java:312)
at org.testng.SuiteRunnerWorker.runSuite(SuiteRunnerWorker.java:52)
at org.testng.SuiteRunnerWorker.run(SuiteRunnerWorker.java:95)
at org.testng.TestNG.runSuitesSequentially(TestNG.java:1274)
at org.testng.TestNG.runSuitesLocally(TestNG.java:1208)
at org.testng.TestNG.runSuites(TestNG.java:1112)
at org.testng.TestNG.run(TestNG.java:1079)
at io.github.msumsh.tests.TestRunner.main(TestRunner.java:26)
]]>
            </full-stacktrace>
          </exception> <!-- java.lang.IllegalArgumentException -->
          <reporter-output>
          </reporter-output>
        </test-method> <!-- shouldNotAddInvalidIp -->
        <test-method signature="shouldNotAddEmptyDomain()[pri:0, instance:io.github.msumsh.tests.DomainServiceTest@370736d9]" started-at="2026-07-17T12:43:50 MSK" name="shouldNotAddEmptyDomain" finished-at="2026-07-17T12:43:50 MSK" duration-ms="0" status="PASS">
          <exception class="java.lang.IllegalArgumentException">
            <message>
              <![CDATA[Domain can't be empty]]>
            </message>
            <full-stacktrace>
              <![CDATA[java.lang.IllegalArgumentException: Domain can't be empty
at io.github.msumsh.service.DomainService.add(DomainService.java:72)
at io.github.msumsh.tests.DomainServiceTest.shouldNotAddEmptyDomain(DomainServiceTest.java:69)
at java.base/jdk.internal.reflect.DirectMethodHandleAccessor.invoke(DirectMethodHandleAccessor.java:103)
at java.base/java.lang.reflect.Method.invoke(Method.java:580)
at org.testng.internal.invokers.MethodInvocationHelper.invokeMethod(MethodInvocationHelper.java:141)
at org.testng.internal.invokers.TestInvoker.invokeMethod(TestInvoker.java:697)
at org.testng.internal.invokers.TestInvoker.invokeTestMethod(TestInvoker.java:230)
at org.testng.internal.invokers.MethodRunner.runInSequence(MethodRunner.java:63)
at org.testng.internal.invokers.TestInvoker$MethodInvocationAgent.invoke(TestInvoker.java:1005)
at org.testng.internal.invokers.TestInvoker.invokeTestMethods(TestInvoker.java:203)
at org.testng.internal.invokers.TestMethodWorker.invokeTestMethods(TestMethodWorker.java:154)
at org.testng.internal.invokers.TestMethodWorker.run(TestMethodWorker.java:134)
at java.base/java.util.ArrayList.forEach(ArrayList.java:1596)
at org.testng.TestRunner.privateRun(TestRunner.java:744)
at org.testng.TestRunner.run(TestRunner.java:616)
at org.testng.SuiteRunner.runTest(SuiteRunner.java:421)
at org.testng.SuiteRunner.runSequentially(SuiteRunner.java:413)
at org.testng.SuiteRunner.privateRun(SuiteRunner.java:373)
at org.testng.SuiteRunner.run(SuiteRunner.java:312)
at org.testng.SuiteRunnerWorker.runSuite(SuiteRunnerWorker.java:52)
at org.testng.SuiteRunnerWorker.run(SuiteRunnerWorker.java:95)
at org.testng.TestNG.runSuitesSequentially(TestNG.java:1274)
at org.testng.TestNG.runSuitesLocally(TestNG.java:1208)
at org.testng.TestNG.runSuites(TestNG.java:1112)
at org.testng.TestNG.run(TestNG.java:1079)
at io.github.msumsh.tests.TestRunner.main(TestRunner.java:26)
]]>
            </full-stacktrace>
          </exception> <!-- java.lang.IllegalArgumentException -->
          <reporter-output>
          </reporter-output>
        </test-method> <!-- shouldNotAddEmptyDomain -->
        <test-method is-config="true" signature="tearDown()[pri:0, instance:io.github.msumsh.tests.DomainServiceTest@370736d9]" started-at="2026-07-17T12:43:50 MSK" name="tearDown" finished-at="2026-07-17T12:43:50 MSK" duration-ms="0" status="PASS">
          <reporter-output>
          </reporter-output>
        </test-method> <!-- tearDown -->
        <test-method is-config="true" signature="setUp()[pri:0, instance:io.github.msumsh.tests.DomainServiceTest@370736d9]" started-at="2026-07-17T12:43:50 MSK" name="setUp" finished-at="2026-07-17T12:43:50 MSK" duration-ms="0" status="PASS">
          <reporter-output>
          </reporter-output>
        </test-method> <!-- setUp -->
        <test-method signature="shouldNotDeleteByEmptyDomain()[pri:0, instance:io.github.msumsh.tests.DomainServiceTest@370736d9]" started-at="2026-07-17T12:43:50 MSK" name="shouldNotDeleteByEmptyDomain" finished-at="2026-07-17T12:43:50 MSK" duration-ms="0" status="PASS">
          <reporter-output>
          </reporter-output>
        </test-method> <!-- shouldNotDeleteByEmptyDomain -->
        <test-method is-config="true" signature="setUp()[pri:0, instance:io.github.msumsh.tests.DomainServiceTest@370736d9]" started-at="2026-07-17T12:43:50 MSK" name="setUp" finished-at="2026-07-17T12:43:50 MSK" duration-ms="0" status="PASS">
          <reporter-output>
          </reporter-output>
        </test-method> <!-- setUp -->
        <test-method is-config="true" signature="tearDown()[pri:0, instance:io.github.msumsh.tests.DomainServiceTest@370736d9]" started-at="2026-07-17T12:43:50 MSK" name="tearDown" finished-at="2026-07-17T12:43:50 MSK" duration-ms="0" status="PASS">
          <reporter-output>
          </reporter-output>
        </test-method> <!-- tearDown -->
        <test-method is-config="true" signature="tearDown()[pri:0, instance:io.github.msumsh.tests.DomainServiceTest@370736d9]" started-at="2026-07-17T12:43:50 MSK" name="tearDown" finished-at="2026-07-17T12:43:50 MSK" duration-ms="0" status="PASS">
          <reporter-output>
          </reporter-output>
        </test-method> <!-- tearDown -->
        <test-method signature="shouldNotDeleteByNotExistentDomain()[pri:0, instance:io.github.msumsh.tests.DomainServiceTest@370736d9]" started-at="2026-07-17T12:43:50 MSK" name="shouldNotDeleteByNotExistentDomain" finished-at="2026-07-17T12:43:50 MSK" duration-ms="0" status="PASS">
          <reporter-output>
          </reporter-output>
        </test-method> <!-- shouldNotDeleteByNotExistentDomain -->
        <test-method signature="shouldNotFindByEmptyDomain()[pri:0, instance:io.github.msumsh.tests.DomainServiceTest@370736d9]" started-at="2026-07-17T12:43:50 MSK" name="shouldNotFindByEmptyDomain" finished-at="2026-07-17T12:43:50 MSK" duration-ms="1" status="PASS">
          <reporter-output>
          </reporter-output>
        </test-method> <!-- shouldNotFindByEmptyDomain -->
        <test-method is-config="true" signature="tearDown()[pri:0, instance:io.github.msumsh.tests.DomainServiceTest@370736d9]" started-at="2026-07-17T12:43:50 MSK" name="tearDown" finished-at="2026-07-17T12:43:50 MSK" duration-ms="0" status="PASS">
          <reporter-output>
          </reporter-output>
        </test-method> <!-- tearDown -->
        <test-method is-config="true" signature="setUp()[pri:0, instance:io.github.msumsh.tests.DomainServiceTest@370736d9]" started-at="2026-07-17T12:43:50 MSK" name="setUp" finished-at="2026-07-17T12:43:50 MSK" duration-ms="0" status="PASS">
          <reporter-output>
          </reporter-output>
        </test-method> <!-- setUp -->
        <test-method is-config="true" signature="setUp()[pri:0, instance:io.github.msumsh.tests.DomainServiceTest@370736d9]" started-at="2026-07-17T12:43:50 MSK" name="setUp" finished-at="2026-07-17T12:43:50 MSK" duration-ms="0" status="PASS">
          <reporter-output>
          </reporter-output>
        </test-method> <!-- setUp -->
        <test-method signature="shouldNotFindByEmptyIp()[pri:0, instance:io.github.msumsh.tests.DomainServiceTest@370736d9]" started-at="2026-07-17T12:43:50 MSK" name="shouldNotFindByEmptyIp" finished-at="2026-07-17T12:43:50 MSK" duration-ms="0" status="PASS">
          <reporter-output>
          </reporter-output>
        </test-method> <!-- shouldNotFindByEmptyIp -->
        <test-method is-config="true" signature="tearDown()[pri:0, instance:io.github.msumsh.tests.DomainServiceTest@370736d9]" started-at="2026-07-17T12:43:50 MSK" name="tearDown" finished-at="2026-07-17T12:43:50 MSK" duration-ms="0" status="PASS">
          <reporter-output>
          </reporter-output>
        </test-method> <!-- tearDown -->
        <test-method is-config="true" signature="tearDown()[pri:0, instance:io.github.msumsh.tests.DomainServiceTest@370736d9]" started-at="2026-07-17T12:43:50 MSK" name="tearDown" finished-at="2026-07-17T12:43:50 MSK" duration-ms="0" status="PASS">
          <reporter-output>
          </reporter-output>
        </test-method> <!-- tearDown -->
        <test-method is-config="true" signature="setUp()[pri:0, instance:io.github.msumsh.tests.DomainServiceTest@370736d9]" started-at="2026-07-17T12:43:50 MSK" name="setUp" finished-at="2026-07-17T12:43:50 MSK" duration-ms="0" status="PASS">
          <reporter-output>
          </reporter-output>
        </test-method> <!-- setUp -->
        <test-method signature="shouldNotFindByNotExistentDomain()[pri:0, instance:io.github.msumsh.tests.DomainServiceTest@370736d9]" started-at="2026-07-17T12:43:50 MSK" name="shouldNotFindByNotExistentDomain" finished-at="2026-07-17T12:43:50 MSK" duration-ms="0" status="PASS">
          <reporter-output>
          </reporter-output>
        </test-method> <!-- shouldNotFindByNotExistentDomain -->
        <test-method signature="shouldNotFindByNotExistentIp()[pri:0, instance:io.github.msumsh.tests.DomainServiceTest@370736d9]" started-at="2026-07-17T12:43:50 MSK" name="shouldNotFindByNotExistentIp" finished-at="2026-07-17T12:43:50 MSK" duration-ms="1" status="PASS">
          <reporter-output>
          </reporter-output>
        </test-method> <!-- shouldNotFindByNotExistentIp -->
        <test-method is-config="true" signature="setUp()[pri:0, instance:io.github.msumsh.tests.DomainServiceTest@370736d9]" started-at="2026-07-17T12:43:50 MSK" name="setUp" finished-at="2026-07-17T12:43:50 MSK" duration-ms="0" status="PASS">
          <reporter-output>
          </reporter-output>
        </test-method> <!-- setUp -->
        <test-method is-config="true" signature="setUp()[pri:0, instance:io.github.msumsh.tests.DomainServiceTest@370736d9]" started-at="2026-07-17T12:43:50 MSK" name="setUp" finished-at="2026-07-17T12:43:50 MSK" duration-ms="0" status="PASS">
          <reporter-output>
          </reporter-output>
        </test-method> <!-- setUp -->
        <test-method is-config="true" signature="tearDown()[pri:0, instance:io.github.msumsh.tests.DomainServiceTest@370736d9]" started-at="2026-07-17T12:43:50 MSK" name="tearDown" finished-at="2026-07-17T12:43:50 MSK" duration-ms="0" status="PASS">
          <reporter-output>
          </reporter-output>
        </test-method> <!-- tearDown -->
        <test-method signature="shouldSortByDomain()[pri:0, instance:io.github.msumsh.tests.DomainServiceTest@370736d9]" started-at="2026-07-17T12:43:50 MSK" name="shouldSortByDomain" finished-at="2026-07-17T12:43:50 MSK" duration-ms="1" status="PASS">
          <reporter-output>
          </reporter-output>
        </test-method> <!-- shouldSortByDomain -->
        <test-method is-config="true" signature="setUp()[pri:0, instance:io.github.msumsh.tests.DomainServiceTest@370736d9]" started-at="2026-07-17T12:43:50 MSK" name="setUp" finished-at="2026-07-17T12:43:50 MSK" duration-ms="0" status="PASS">
          <reporter-output>
          </reporter-output>
        </test-method> <!-- setUp -->
        <test-method is-config="true" signature="tearDown()[pri:0, instance:io.github.msumsh.tests.DomainServiceTest@370736d9]" started-at="2026-07-17T12:43:50 MSK" name="tearDown" finished-at="2026-07-17T12:43:50 MSK" duration-ms="0" status="PASS">
          <reporter-output>
          </reporter-output>
        </test-method> <!-- tearDown -->
        <test-method is-config="true" signature="tearDown()[pri:0, instance:io.github.msumsh.tests.DomainServiceTest@370736d9]" started-at="2026-07-17T12:43:50 MSK" name="tearDown" finished-at="2026-07-17T12:43:50 MSK" duration-ms="0" status="PASS">
          <reporter-output>
          </reporter-output>
        </test-method> <!-- tearDown -->
      </class> <!-- io.github.msumsh.tests.DomainServiceTest -->
      <class name="io.github.msumsh.tests.IpValidatorTest">
        <test-method is-config="true" signature="setUp()[pri:0, instance:io.github.msumsh.tests.IpValidatorTest@1efed156]" started-at="2026-07-17T12:43:50 MSK" name="setUp" finished-at="2026-07-17T12:43:50 MSK" duration-ms="1" status="PASS">
          <reporter-output>
          </reporter-output>
        </test-method> <!-- setUp -->
        <test-method signature="validateShouldReturnFalseForInvalidIpv4(java.lang.String)[pri:0, instance:io.github.msumsh.tests.IpValidatorTest@1efed156]" started-at="2026-07-17T12:43:50 MSK" name="validateShouldReturnFalseForInvalidIpv4" data-provider="invalidIps" finished-at="2026-07-17T12:43:50 MSK" duration-ms="0" status="PASS">
          <params>
            <param index="0">
              <value>
                <![CDATA[]]>
              </value>
            </param>
          </params>
          <reporter-output>
          </reporter-output>
        </test-method> <!-- validateShouldReturnFalseForInvalidIpv4 -->
        <test-method signature="validateShouldReturnFalseForInvalidIpv4(java.lang.String)[pri:0, instance:io.github.msumsh.tests.IpValidatorTest@1efed156]" started-at="2026-07-17T12:43:50 MSK" name="validateShouldReturnFalseForInvalidIpv4" data-provider="invalidIps" finished-at="2026-07-17T12:43:50 MSK" duration-ms="0" status="PASS">
          <params>
            <param index="0">
              <value>
                <![CDATA[192.168.1]]>
              </value>
            </param>
          </params>
          <reporter-output>
          </reporter-output>
        </test-method> <!-- validateShouldReturnFalseForInvalidIpv4 -->
        <test-method signature="validateShouldReturnFalseForInvalidIpv4(java.lang.String)[pri:0, instance:io.github.msumsh.tests.IpValidatorTest@1efed156]" started-at="2026-07-17T12:43:50 MSK" name="validateShouldReturnFalseForInvalidIpv4" data-provider="invalidIps" finished-at="2026-07-17T12:43:50 MSK" duration-ms="0" status="PASS">
          <params>
            <param index="0">
              <value>
                <![CDATA[256.1.1.1]]>
              </value>
            </param>
          </params>
          <reporter-output>
          </reporter-output>
        </test-method> <!-- validateShouldReturnFalseForInvalidIpv4 -->
        <test-method is-config="true" signature="setUp()[pri:0, instance:io.github.msumsh.tests.IpValidatorTest@1efed156]" started-at="2026-07-17T12:43:50 MSK" name="setUp" finished-at="2026-07-17T12:43:50 MSK" duration-ms="1" status="PASS">
          <reporter-output>
          </reporter-output>
        </test-method> <!-- setUp -->
        <test-method is-config="true" signature="setUp()[pri:0, instance:io.github.msumsh.tests.IpValidatorTest@1efed156]" started-at="2026-07-17T12:43:50 MSK" name="setUp" finished-at="2026-07-17T12:43:50 MSK" duration-ms="0" status="PASS">
          <reporter-output>
          </reporter-output>
        </test-method> <!-- setUp -->
        <test-method is-config="true" signature="setUp()[pri:0, instance:io.github.msumsh.tests.IpValidatorTest@1efed156]" started-at="2026-07-17T12:43:50 MSK" name="setUp" finished-at="2026-07-17T12:43:50 MSK" duration-ms="0" status="PASS">
          <reporter-output>
          </reporter-output>
        </test-method> <!-- setUp -->
        <test-method signature="validateShouldReturnFalseForInvalidIpv4(java.lang.String)[pri:0, instance:io.github.msumsh.tests.IpValidatorTest@1efed156]" started-at="2026-07-17T12:43:50 MSK" name="validateShouldReturnFalseForInvalidIpv4" data-provider="invalidIps" finished-at="2026-07-17T12:43:50 MSK" duration-ms="0" status="PASS">
          <params>
            <param index="0">
              <value>
                <![CDATA[300.300.300.300]]>
              </value>
            </param>
          </params>
          <reporter-output>
          </reporter-output>
        </test-method> <!-- validateShouldReturnFalseForInvalidIpv4 -->
        <test-method signature="validateShouldReturnFalseForInvalidIpv4(java.lang.String)[pri:0, instance:io.github.msumsh.tests.IpValidatorTest@1efed156]" started-at="2026-07-17T12:43:50 MSK" name="validateShouldReturnFalseForInvalidIpv4" data-provider="invalidIps" finished-at="2026-07-17T12:43:50 MSK" duration-ms="0" status="PASS">
          <params>
            <param index="0">
              <value>
                <![CDATA[192.168.1.1.1]]>
              </value>
            </param>
          </params>
          <reporter-output>
          </reporter-output>
        </test-method> <!-- validateShouldReturnFalseForInvalidIpv4 -->
        <test-method signature="validateShouldReturnFalseForInvalidIpv4(java.lang.String)[pri:0, instance:io.github.msumsh.tests.IpValidatorTest@1efed156]" started-at="2026-07-17T12:43:50 MSK" name="validateShouldReturnFalseForInvalidIpv4" data-provider="invalidIps" finished-at="2026-07-17T12:43:50 MSK" duration-ms="0" status="PASS">
          <params>
            <param index="0">
              <value>
                <![CDATA[1..1.1]]>
              </value>
            </param>
          </params>
          <reporter-output>
          </reporter-output>
        </test-method> <!-- validateShouldReturnFalseForInvalidIpv4 -->
        <test-method signature="validateShouldReturnFalseForInvalidIpv4(java.lang.String)[pri:0, instance:io.github.msumsh.tests.IpValidatorTest@1efed156]" started-at="2026-07-17T12:43:50 MSK" name="validateShouldReturnFalseForInvalidIpv4" data-provider="invalidIps" finished-at="2026-07-17T12:43:50 MSK" duration-ms="0" status="PASS">
          <params>
            <param index="0">
              <value>
                <![CDATA[abc.def.ghi.jkl]]>
              </value>
            </param>
          </params>
          <reporter-output>
          </reporter-output>
        </test-method> <!-- validateShouldReturnFalseForInvalidIpv4 -->
        <test-method signature="validateShouldReturnFalseForInvalidIpv4(java.lang.String)[pri:0, instance:io.github.msumsh.tests.IpValidatorTest@1efed156]" started-at="2026-07-17T12:43:50 MSK" name="validateShouldReturnFalseForInvalidIpv4" data-provider="invalidIps" finished-at="2026-07-17T12:43:50 MSK" duration-ms="0" status="PASS">
          <params>
            <param index="0">
              <value>
                <![CDATA[192.168.-1.1]]>
              </value>
            </param>
          </params>
          <reporter-output>
          </reporter-output>
        </test-method> <!-- validateShouldReturnFalseForInvalidIpv4 -->
        <test-method is-config="true" signature="setUp()[pri:0, instance:io.github.msumsh.tests.IpValidatorTest@1efed156]" started-at="2026-07-17T12:43:50 MSK" name="setUp" finished-at="2026-07-17T12:43:50 MSK" duration-ms="0" status="PASS">
          <reporter-output>
          </reporter-output>
        </test-method> <!-- setUp -->
        <test-method is-config="true" signature="setUp()[pri:0, instance:io.github.msumsh.tests.IpValidatorTest@1efed156]" started-at="2026-07-17T12:43:50 MSK" name="setUp" finished-at="2026-07-17T12:43:50 MSK" duration-ms="0" status="PASS">
          <reporter-output>
          </reporter-output>
        </test-method> <!-- setUp -->
        <test-method is-config="true" signature="setUp()[pri:0, instance:io.github.msumsh.tests.IpValidatorTest@1efed156]" started-at="2026-07-17T12:43:50 MSK" name="setUp" finished-at="2026-07-17T12:43:50 MSK" duration-ms="0" status="PASS">
          <reporter-output>
          </reporter-output>
        </test-method> <!-- setUp -->
        <test-method is-config="true" signature="setUp()[pri:0, instance:io.github.msumsh.tests.IpValidatorTest@1efed156]" started-at="2026-07-17T12:43:50 MSK" name="setUp" finished-at="2026-07-17T12:43:50 MSK" duration-ms="0" status="PASS">
          <reporter-output>
          </reporter-output>
        </test-method> <!-- setUp -->
        <test-method signature="validateShouldReturnTrueForValidIpv4(java.lang.String)[pri:0, instance:io.github.msumsh.tests.IpValidatorTest@1efed156]" started-at="2026-07-17T12:43:50 MSK" name="validateShouldReturnTrueForValidIpv4" data-provider="validIps" finished-at="2026-07-17T12:43:50 MSK" duration-ms="0" status="PASS">
          <params>
            <param index="0">
              <value>
                <![CDATA[127.0.0.1]]>
              </value>
            </param>
          </params>
          <reporter-output>
          </reporter-output>
        </test-method> <!-- validateShouldReturnTrueForValidIpv4 -->
        <test-method signature="validateShouldReturnTrueForValidIpv4(java.lang.String)[pri:0, instance:io.github.msumsh.tests.IpValidatorTest@1efed156]" started-at="2026-07-17T12:43:50 MSK" name="validateShouldReturnTrueForValidIpv4" data-provider="validIps" finished-at="2026-07-17T12:43:50 MSK" duration-ms="0" status="PASS">
          <params>
            <param index="0">
              <value>
                <![CDATA[0.0.0.0]]>
              </value>
            </param>
          </params>
          <reporter-output>
          </reporter-output>
        </test-method> <!-- validateShouldReturnTrueForValidIpv4 -->
        <test-method signature="validateShouldReturnFalseForInvalidIpv4(java.lang.String)[pri:0, instance:io.github.msumsh.tests.IpValidatorTest@1efed156]" started-at="2026-07-17T12:43:50 MSK" name="validateShouldReturnFalseForInvalidIpv4" data-provider="invalidIps" finished-at="2026-07-17T12:43:50 MSK" duration-ms="0" status="PASS">
          <params>
            <param index="0">
              <value>
                <![CDATA[ ]]>
              </value>
            </param>
          </params>
          <reporter-output>
          </reporter-output>
        </test-method> <!-- validateShouldReturnFalseForInvalidIpv4 -->
        <test-method signature="validateShouldReturnTrueForValidIpv4(java.lang.String)[pri:0, instance:io.github.msumsh.tests.IpValidatorTest@1efed156]" started-at="2026-07-17T12:43:50 MSK" name="validateShouldReturnTrueForValidIpv4" data-provider="validIps" finished-at="2026-07-17T12:43:50 MSK" duration-ms="0" status="PASS">
          <params>
            <param index="0">
              <value>
                <![CDATA[192.168.0.1]]>
              </value>
            </param>
          </params>
          <reporter-output>
          </reporter-output>
        </test-method> <!-- validateShouldReturnTrueForValidIpv4 -->
        <test-method is-config="true" signature="setUp()[pri:0, instance:io.github.msumsh.tests.IpValidatorTest@1efed156]" started-at="2026-07-17T12:43:50 MSK" name="setUp" finished-at="2026-07-17T12:43:50 MSK" duration-ms="0" status="PASS">
          <reporter-output>
          </reporter-output>
        </test-method> <!-- setUp -->
        <test-method is-config="true" signature="setUp()[pri:0, instance:io.github.msumsh.tests.IpValidatorTest@1efed156]" started-at="2026-07-17T12:43:50 MSK" name="setUp" finished-at="2026-07-17T12:43:50 MSK" duration-ms="0" status="PASS">
          <reporter-output>
          </reporter-output>
        </test-method> <!-- setUp -->
        <test-method is-config="true" signature="setUp()[pri:0, instance:io.github.msumsh.tests.IpValidatorTest@1efed156]" started-at="2026-07-17T12:43:50 MSK" name="setUp" finished-at="2026-07-17T12:43:50 MSK" duration-ms="1" status="PASS">
          <reporter-output>
          </reporter-output>
        </test-method> <!-- setUp -->
        <test-method is-config="true" signature="setUp()[pri:0, instance:io.github.msumsh.tests.IpValidatorTest@1efed156]" started-at="2026-07-17T12:43:50 MSK" name="setUp" finished-at="2026-07-17T12:43:50 MSK" duration-ms="0" status="PASS">
          <reporter-output>
          </reporter-output>
        </test-method> <!-- setUp -->
        <test-method is-config="true" signature="setUp()[pri:0, instance:io.github.msumsh.tests.IpValidatorTest@1efed156]" started-at="2026-07-17T12:43:50 MSK" name="setUp" finished-at="2026-07-17T12:43:50 MSK" duration-ms="0" status="PASS">
          <reporter-output>
          </reporter-output>
        </test-method> <!-- setUp -->
        <test-method signature="validateShouldReturnTrueForValidIpv4(java.lang.String)[pri:0, instance:io.github.msumsh.tests.IpValidatorTest@1efed156]" started-at="2026-07-17T12:43:50 MSK" name="validateShouldReturnTrueForValidIpv4" data-provider="validIps" finished-at="2026-07-17T12:43:50 MSK" duration-ms="0" status="PASS">
          <params>
            <param index="0">
              <value>
                <![CDATA[8.8.8.8]]>
              </value>
            </param>
          </params>
          <reporter-output>
          </reporter-output>
        </test-method> <!-- validateShouldReturnTrueForValidIpv4 -->
        <test-method signature="validateShouldReturnTrueForValidIpv4(java.lang.String)[pri:0, instance:io.github.msumsh.tests.IpValidatorTest@1efed156]" started-at="2026-07-17T12:43:50 MSK" name="validateShouldReturnTrueForValidIpv4" data-provider="validIps" finished-at="2026-07-17T12:43:50 MSK" duration-ms="0" status="PASS">
          <params>
            <param index="0">
              <value>
                <![CDATA[255.255.255.255]]>
              </value>
            </param>
          </params>
          <reporter-output>
          </reporter-output>
        </test-method> <!-- validateShouldReturnTrueForValidIpv4 -->
        <test-method is-config="true" signature="setUp()[pri:0, instance:io.github.msumsh.tests.IpValidatorTest@1efed156]" started-at="2026-07-17T12:43:50 MSK" name="setUp" finished-at="2026-07-17T12:43:50 MSK" duration-ms="0" status="PASS">
          <reporter-output>
          </reporter-output>
        </test-method> <!-- setUp -->
      </class> <!-- io.github.msumsh.tests.IpValidatorTest -->
    </test> <!-- Unit Tests -->
  </suite> <!-- SFTP Client Test Suite -->
</testng-results>
